<?xml version="1.0" encoding="UTF-8"?>
<!-- Generated by org.testng.reporters.JUnitReportReporter -->
<testsuite hostname="USHYDKSCHAUDHA1" name="com.selenium.testproject.testproject.AmazonTest" tests="1" failures="0" timestamp="19 Sep 2018 17:56:25 GMT" time="12.011" errors="0">
  <testcase name="testAmazonScript" time="12.011" classname="com.selenium.testproject.testproject.AmazonTest"/>
</testsuite> <!-- com.selenium.testproject.testproject.AmazonTest -->
