<?xml version="1.0" encoding="UTF-8"?>
<!-- Generated by org.testng.reporters.JUnitReportReporter -->
<testsuite hostname="Kshitijs-MacBook-Pro.local" failures="0" tests="1" name="ExcelPractice.AppTest" time="0.006" errors="0" timestamp="2021-12-02T15:50:19 IST" skipped="0">
  <testcase classname="ExcelPractice.AppTest" name="testApp" time="0.006"/>
  <system-out/>
</testsuite> <!-- ExcelPractice.AppTest -->
