<?xml version="1.0" encoding="UTF-8"?>
<!-- Generated by org.testng.reporters.JUnitReportReporter -->
<testsuite hostname="Kshitijs-MacBook-Pro.local" failures="0" tests="1" name="ExcelPractice.AppTest" time="0.003" errors="0" timestamp="2021-11-30T13:02:57 IST" skipped="0">
  <testcase classname="ExcelPractice.AppTest" name="testApp" time="0.003"/>
  <system-out/>
</testsuite> <!-- ExcelPractice.AppTest -->
