<?xml version="1.0" encoding="UTF-8"?>
<!-- Generated by org.testng.reporters.JUnitReportReporter -->
<testsuite hostname="USHYDANCHANDAN2" name="com.selenium.testproject.testproject.AmazonTest" tests="1" failures="0" timestamp="29 Oct 2018 11:20:33 GMT" time="10.114" errors="0">
  <testcase name="testAmazonScript" time="10.114" classname="com.selenium.testproject.testproject.AmazonTest"/>
</testsuite> <!-- com.selenium.testproject.testproject.AmazonTest -->
