<?xml version="1.0" encoding="UTF-8"?>
<!-- Generated by org.testng.reporters.JUnitReportReporter -->
<testsuite hostname="USHYDKSCHAUDHA1" name="com.selenium.testproject.testproject.AmazonTest" tests="1" failures="0" timestamp="19 Sep 2018 18:28:26 GMT" time="26.008" errors="0">
  <testcase name="testAmazonScript" time="26.008" classname="com.selenium.testproject.testproject.AmazonTest"/>
</testsuite> <!-- com.selenium.testproject.testproject.AmazonTest -->
